  BaseController.cpp
  ColorUtils.cpp
  DrawingFuncs.cpp
  GLUTMenu.cpp
  Graph.cpp
  GraphManager.cpp
  Visualizer_GLUT.cpp
  main.cpp
  Geometry.cpp
  Random.cpp
  MavlinkNode.cpp
  MavlinkTranslation.cpp
  PracticalSocket.cpp
  QuadControl.cpp
c:\fcnd\first term - aerial robotics\fcnd-controls\fcnd-controls-cpp\src\quadcontrol.cpp(73): warning C4244: 'initializing': conversion from 'double' to 'float', possible loss of data
c:\fcnd\first term - aerial robotics\fcnd-controls\fcnd-controls-cpp\src\quadcontrol.cpp(207): warning C4244: 'initializing': conversion from 'double' to 'float', possible loss of data
  BaseDynamics.cpp
  QuadDynamics.cpp
  Simulator.cpp
  Trajectory.cpp
  Camera.cpp
  SimpleConfig.cpp
  Generating Code...
  Compiling...
  Timer.cpp
  Generating Code...
  Simulator.vcxproj -> C:\FCND\First Term - Aerial Robotics\FCND-Controls\FCND-Controls-CPP\project\Debug\Simulator.exe
